<?xml version="1.0" encoding="UTF-8"?>
<testng-results ignored="2" total="4" passed="2" failed="0" skipped="0">
  <reporter-output>
    <line>
      <![CDATA[create organisation test is pass]]>
    </line>
  </reporter-output>
  <suite started-at="2022-11-30T15:06:21 IST" name="Suite" finished-at="2022-11-30T15:06:46 IST" duration-ms="25406">
    <groups>
    </groups>
    <test started-at="2022-11-30T15:06:21 IST" name="Test" finished-at="2022-11-30T15:06:46 IST" duration-ms="25406">
      <class name="com.Demo.testScripts.CreateOrganisationsTest">
        <test-method is-config="true" signature="launchTheBrowser()[pri:0, instance:com.Demo.testScripts.CreateOrganisationsTest@783a467b]" started-at="2022-11-30T15:06:31 IST" name="launchTheBrowser" finished-at="2022-11-30T15:06:33 IST" duration-ms="1683" status="PASS">
          <reporter-output>
          </reporter-output>
        </test-method> <!-- launchTheBrowser -->
        <test-method is-config="true" signature="login()[pri:0, instance:com.Demo.testScripts.CreateOrganisationsTest@783a467b]" started-at="2022-11-30T15:06:33 IST" name="login" finished-at="2022-11-30T15:06:35 IST" duration-ms="2416" status="PASS">
          <reporter-output>
          </reporter-output>
        </test-method> <!-- login -->
        <test-method signature="createOrganisations()[pri:0, instance:com.Demo.testScripts.CreateOrganisationsTest@783a467b]" started-at="2022-11-30T15:06:35 IST" name="createOrganisations" finished-at="2022-11-30T15:06:46 IST" duration-ms="10845" status="PASS">
          <reporter-output>
            <line>
              <![CDATA[create organisation test is pass]]>
            </line>
          </reporter-output>
        </test-method> <!-- createOrganisations -->
        <test-method is-config="true" signature="closeTheBrowser()[pri:0, instance:com.Demo.testScripts.CreateOrganisationsTest@783a467b]" started-at="2022-11-30T15:06:46 IST" name="closeTheBrowser" finished-at="2022-11-30T15:06:46 IST" duration-ms="1" status="PASS">
          <reporter-output>
          </reporter-output>
        </test-method> <!-- closeTheBrowser -->
      </class> <!-- com.Demo.testScripts.CreateOrganisationsTest -->
      <class name="com.Demo.testScripts.CreateLeadTest">
        <test-method is-config="true" signature="dbConfig()[pri:0, instance:com.Demo.testScripts.CreateLeadTest@b9b00e0]" started-at="2022-11-30T15:06:21 IST" name="dbConfig" finished-at="2022-11-30T15:06:21 IST" duration-ms="159" status="PASS">
          <reporter-output>
          </reporter-output>
        </test-method> <!-- dbConfig -->
        <test-method is-config="true" signature="launchTheBrowser()[pri:0, instance:com.Demo.testScripts.CreateLeadTest@b9b00e0]" started-at="2022-11-30T15:06:21 IST" name="launchTheBrowser" finished-at="2022-11-30T15:06:23 IST" duration-ms="2514" status="PASS">
          <reporter-output>
          </reporter-output>
        </test-method> <!-- launchTheBrowser -->
        <test-method is-config="true" signature="login()[pri:0, instance:com.Demo.testScripts.CreateLeadTest@b9b00e0]" started-at="2022-11-30T15:06:23 IST" name="login" finished-at="2022-11-30T15:06:26 IST" duration-ms="2477" status="PASS">
          <reporter-output>
          </reporter-output>
        </test-method> <!-- login -->
        <test-method signature="createLead()[pri:1, instance:com.Demo.testScripts.CreateLeadTest@b9b00e0]" started-at="2022-11-30T15:06:26 IST" name="createLead" finished-at="2022-11-30T15:06:31 IST" duration-ms="5430" status="PASS">
          <reporter-output>
          </reporter-output>
        </test-method> <!-- createLead -->
        <test-method is-config="true" signature="closeTheBrowser()[pri:0, instance:com.Demo.testScripts.CreateLeadTest@b9b00e0]" started-at="2022-11-30T15:06:31 IST" name="closeTheBrowser" finished-at="2022-11-30T15:06:31 IST" duration-ms="0" status="PASS">
          <reporter-output>
          </reporter-output>
        </test-method> <!-- closeTheBrowser -->
        <test-method is-config="true" signature="closeDBconfig()[pri:0, instance:com.Demo.testScripts.CreateLeadTest@b9b00e0]" started-at="2022-11-30T15:06:46 IST" name="closeDBconfig" finished-at="2022-11-30T15:06:46 IST" duration-ms="8" status="PASS">
          <reporter-output>
          </reporter-output>
        </test-method> <!-- closeDBconfig -->
      </class> <!-- com.Demo.testScripts.CreateLeadTest -->
    </test> <!-- Test -->
  </suite> <!-- Suite -->
</testng-results>
